<?xml version="1.0" encoding="UTF-8"?>
<!-- Generated by org.testng.reporters.JUnitXMLReporter -->
<testsuite hostname="Methmal-G" ignored="0" name="Default test" tests="5" failures="0" timestamp="17 Apr 2018 11:37:37 GMT" time="28.601" errors="0">
  <testcase name="assertBasics" time="0.107" classname="com.zone.methmal.Homepage"/>
  <testcase name="assertLinkTextClick" time="7.044" classname="com.zone.methmal.Homepage"/>
  <testcase name="assertSeeCollection1" time="2.294" classname="com.zone.methmal.Homepage"/>
  <testcase name="assertSeeCollection2" time="0.698" classname="com.zone.methmal.Homepage"/>
  <testcase name="assertSeeCollection3" time="0.675" classname="com.zone.methmal.Homepage"/>
</testsuite> <!-- Default test -->
